CRITICAL - 2025-06-06 08:24:33 --> CodeIgniter\Exceptions\CriticalError: The required PHP extension "sqlsrv" is not loaded. Install and enable it to use "SQLSRV" driver.
[Method: GET, Route: /]
in SYSTEMPATH\Database\Database.php on line 182.
 1 SYSTEMPATH\Database\Database.php(59): CodeIgniter\Database\Database->checkDbExtension('SQLSRV')
 2 SYSTEMPATH\Database\Config.php(82): CodeIgniter\Database\Database->load([...], 'default')
 3 SYSTEMPATH\Model.php(155): CodeIgniter\Database\Config::connect('default')
 4 APPPATH\Controllers\LoginController.php(13): CodeIgniter\Model->__construct()
 5 SYSTEMPATH\CodeIgniter.php(903): App\Controllers\LoginController->__construct()
 6 SYSTEMPATH\CodeIgniter.php(498): CodeIgniter\CodeIgniter->createController()
 7 SYSTEMPATH\CodeIgniter.php(354): CodeIgniter\CodeIgniter->handleRequest(null, Object(Config\Cache), false)
 8 SYSTEMPATH\Boot.php(334): CodeIgniter\CodeIgniter->run()
 9 SYSTEMPATH\Boot.php(67): CodeIgniter\Boot::runCodeIgniter(Object(CodeIgniter\CodeIgniter))
10 FCPATH\index.php(59): CodeIgniter\Boot::bootWeb(Object(Config\Paths))
11 SYSTEMPATH\rewrite.php(44): require_once('D:\\Magang\\SSPS\\project\\public\\index.php')
CRITICAL - 2025-06-06 08:32:03 --> CodeIgniter\Exceptions\CriticalError: The required PHP extension "sqlsrv" is not loaded. Install and enable it to use "SQLSRV" driver.
[Method: GET, Route: /]
in SYSTEMPATH\Database\Database.php on line 182.
 1 SYSTEMPATH\Database\Database.php(59): CodeIgniter\Database\Database->checkDbExtension('SQLSRV')
 2 SYSTEMPATH\Database\Config.php(82): CodeIgniter\Database\Database->load([...], 'default')
 3 SYSTEMPATH\Model.php(155): CodeIgniter\Database\Config::connect('default')
 4 APPPATH\Controllers\LoginController.php(13): CodeIgniter\Model->__construct()
 5 SYSTEMPATH\CodeIgniter.php(903): App\Controllers\LoginController->__construct()
 6 SYSTEMPATH\CodeIgniter.php(498): CodeIgniter\CodeIgniter->createController()
 7 SYSTEMPATH\CodeIgniter.php(354): CodeIgniter\CodeIgniter->handleRequest(null, Object(Config\Cache), false)
 8 SYSTEMPATH\Boot.php(334): CodeIgniter\CodeIgniter->run()
 9 SYSTEMPATH\Boot.php(67): CodeIgniter\Boot::runCodeIgniter(Object(CodeIgniter\CodeIgniter))
10 FCPATH\index.php(59): CodeIgniter\Boot::bootWeb(Object(Config\Paths))
11 SYSTEMPATH\rewrite.php(44): require_once('D:\\Magang\\SSPS\\project\\public\\index.php')
CRITICAL - 2025-06-06 08:32:06 --> CodeIgniter\Exceptions\CriticalError: The required PHP extension "sqlsrv" is not loaded. Install and enable it to use "SQLSRV" driver.
[Method: GET, Route: /]
in SYSTEMPATH\Database\Database.php on line 182.
 1 SYSTEMPATH\Database\Database.php(59): CodeIgniter\Database\Database->checkDbExtension('SQLSRV')
 2 SYSTEMPATH\Database\Config.php(82): CodeIgniter\Database\Database->load([...], 'default')
 3 SYSTEMPATH\Model.php(155): CodeIgniter\Database\Config::connect('default')
 4 APPPATH\Controllers\LoginController.php(13): CodeIgniter\Model->__construct()
 5 SYSTEMPATH\CodeIgniter.php(903): App\Controllers\LoginController->__construct()
 6 SYSTEMPATH\CodeIgniter.php(498): CodeIgniter\CodeIgniter->createController()
 7 SYSTEMPATH\CodeIgniter.php(354): CodeIgniter\CodeIgniter->handleRequest(null, Object(Config\Cache), false)
 8 SYSTEMPATH\Boot.php(334): CodeIgniter\CodeIgniter->run()
 9 SYSTEMPATH\Boot.php(67): CodeIgniter\Boot::runCodeIgniter(Object(CodeIgniter\CodeIgniter))
10 FCPATH\index.php(59): CodeIgniter\Boot::bootWeb(Object(Config\Paths))
11 SYSTEMPATH\rewrite.php(44): require_once('D:\\Magang\\SSPS\\project\\public\\index.php')
CRITICAL - 2025-06-06 08:35:56 --> CodeIgniter\Exceptions\CriticalError: The required PHP extension "sqlsrv" is not loaded. Install and enable it to use "SQLSRV" driver.
[Method: GET, Route: /]
in SYSTEMPATH\Database\Database.php on line 182.
 1 SYSTEMPATH\Database\Database.php(59): CodeIgniter\Database\Database->checkDbExtension('SQLSRV')
 2 SYSTEMPATH\Database\Config.php(82): CodeIgniter\Database\Database->load([...], 'default')
 3 SYSTEMPATH\Model.php(155): CodeIgniter\Database\Config::connect('default')
 4 APPPATH\Controllers\LoginController.php(13): CodeIgniter\Model->__construct()
 5 SYSTEMPATH\CodeIgniter.php(903): App\Controllers\LoginController->__construct()
 6 SYSTEMPATH\CodeIgniter.php(498): CodeIgniter\CodeIgniter->createController()
 7 SYSTEMPATH\CodeIgniter.php(354): CodeIgniter\CodeIgniter->handleRequest(null, Object(Config\Cache), false)
 8 SYSTEMPATH\Boot.php(334): CodeIgniter\CodeIgniter->run()
 9 SYSTEMPATH\Boot.php(67): CodeIgniter\Boot::runCodeIgniter(Object(CodeIgniter\CodeIgniter))
10 FCPATH\index.php(59): CodeIgniter\Boot::bootWeb(Object(Config\Paths))
11 SYSTEMPATH\rewrite.php(44): require_once('D:\\Magang\\SSPS\\project\\public\\index.php')
