DEBUG - 2025-07-14 04:09:52 --> Session: Class initialized using 'CodeIgniter\Session\Handlers\FileHandler' driver.
DEBUG - 2025-07-14 04:09:55 --> Session: Class initialized using 'CodeIgniter\Session\Handlers\FileHandler' driver.
DEBUG - 2025-07-14 04:10:06 --> Login attempt by: superadmin
DEBUG - 2025-07-14 04:10:07 --> Session: Class initialized using 'CodeIgniter\Session\Handlers\FileHandler' driver.
DEBUG - 2025-07-14 04:10:07 --> Session: Class initialized using 'CodeIgniter\Session\Handlers\FileHandler' driver.
DEBUG - 2025-07-14 04:10:50 --> Session: Class initialized using 'CodeIgniter\Session\Handlers\FileHandler' driver.
CRITICAL - 2025-07-14 04:10:50 --> ErrorException: Undefined array key "NSUPPLIERPARTNAME"
[Method: GET, Route: part]
in APPPATH\Views\Part\index.php on line 42.
 1 APPPATH\Views\Part\index.php(42): CodeIgniter\Debug\Exceptions->errorHandler(2, 'Undefined array key "NSUPPLIERPARTNAME"', 'D:\\Magang\\SSPS\\project\\app\\Views\\Part\\index.php', 42)
 2 SYSTEMPATH\View\View.php(224): include('D:\\Magang\\SSPS\\project\\app\\Views\\Part\\index.php')
 3 SYSTEMPATH\View\View.php(227): CodeIgniter\View\View->CodeIgniter\View\{closure}()
 4 SYSTEMPATH\Common.php(1173): CodeIgniter\View\View->render('part/index', [], true)
 5 APPPATH\Controllers\PartController.php(23): view('part/index', [...])
 6 SYSTEMPATH\CodeIgniter.php(933): App\Controllers\PartController->index()
 7 SYSTEMPATH\CodeIgniter.php(507): CodeIgniter\CodeIgniter->runController(Object(App\Controllers\PartController))
 8 SYSTEMPATH\CodeIgniter.php(354): CodeIgniter\CodeIgniter->handleRequest(null, Object(Config\Cache), false)
 9 SYSTEMPATH\Boot.php(334): CodeIgniter\CodeIgniter->run()
10 SYSTEMPATH\Boot.php(67): CodeIgniter\Boot::runCodeIgniter(Object(CodeIgniter\CodeIgniter))
11 FCPATH\index.php(59): CodeIgniter\Boot::bootWeb(Object(Config\Paths))
12 SYSTEMPATH\rewrite.php(44): require_once('D:\\Magang\\SSPS\\project\\public\\index.php')
DEBUG - 2025-07-14 04:10:55 --> Session: Class initialized using 'CodeIgniter\Session\Handlers\FileHandler' driver.
ERROR - 2025-07-14 04:23:57 --> [Microsoft][ODBC Driver 17 for SQL Server][SQL Server]Ambiguous column name 'NSTATUS'.
CRITICAL - 2025-07-14 04:23:57 --> CodeIgniter\Database\Exceptions\DatabaseException: [Microsoft][ODBC Driver 17 for SQL Server][SQL Server]Ambiguous column name 'NSTATUS'.
[Method: GET, Route: part]
in SYSTEMPATH\Database\BaseConnection.php on line 692.
 1 SYSTEMPATH\Database\SQLSRV\Builder.php(656): CodeIgniter\Database\BaseConnection->query('SELECT "TB_M_PART"."MPARTNO", "TB_M_PART"."MPARTNAME", "TB_M_PART"."SUPPLIERCD", "TB_M_PART"."NSTATUS", "TB_M_PART"."CREATEDATE", "TB_M_PART"."CREATEBY", "TB_M_SUPPLIER"."SUPPLIERNAME"
FROM "DataWarehouse"."dbo"."TB_M_PART"
LEFT JOIN "DataWarehouse"."dbo"."TB_M_SUPPLIER" ON "TB_M_PART"."SUPPLIERCD" = "TB_M_SUPPLIER"."SUPPLIERCD"
WHERE "NSTATUS" = :NSTATUS:', [...], false)
 2 SYSTEMPATH\Model.php(286): CodeIgniter\Database\SQLSRV\Builder->get()
 3 SYSTEMPATH\BaseModel.php(679): CodeIgniter\Model->doFindAll(0, 0)
 4 APPPATH\Controllers\PartController.php(26): CodeIgniter\BaseModel->findAll()
 5 SYSTEMPATH\CodeIgniter.php(933): App\Controllers\PartController->index()
 6 SYSTEMPATH\CodeIgniter.php(507): CodeIgniter\CodeIgniter->runController(Object(App\Controllers\PartController))
 7 SYSTEMPATH\CodeIgniter.php(354): CodeIgniter\CodeIgniter->handleRequest(null, Object(Config\Cache), false)
 8 SYSTEMPATH\Boot.php(334): CodeIgniter\CodeIgniter->run()
 9 SYSTEMPATH\Boot.php(67): CodeIgniter\Boot::runCodeIgniter(Object(CodeIgniter\CodeIgniter))
10 FCPATH\index.php(59): CodeIgniter\Boot::bootWeb(Object(Config\Paths))
11 SYSTEMPATH\rewrite.php(44): require_once('D:\\Magang\\SSPS\\project\\public\\index.php')
CRITICAL - 2025-07-14 04:23:57 --> [Caused by] CodeIgniter\Database\Exceptions\DatabaseException: [Microsoft][ODBC Driver 17 for SQL Server][SQL Server]Ambiguous column name 'NSTATUS'.
in SYSTEMPATH\Database\SQLSRV\Connection.php on line 505.
 1 SYSTEMPATH\Database\BaseConnection.php(738): CodeIgniter\Database\SQLSRV\Connection->execute('SELECT "TB_M_PART"."MPARTNO", "TB_M_PART"."MPARTNAME", "TB_M_PART"."SUPPLIERCD", "TB_M_PART"."NSTATUS", "TB_M_PART"."CREATEDATE", "TB_M_PART"."CREATEBY", "TB_M_SUPPLIER"."SUPPLIERNAME"
FROM "DataWarehouse"."dbo"."TB_M_PART"
LEFT JOIN "DataWarehouse"."dbo"."TB_M_SUPPLIER" ON "TB_M_PART"."SUPPLIERCD" = "TB_M_SUPPLIER"."SUPPLIERCD"
WHERE "NSTATUS" = \'ACTIVE\'')
 2 SYSTEMPATH\Database\BaseConnection.php(652): CodeIgniter\Database\BaseConnection->simpleQuery('SELECT "TB_M_PART"."MPARTNO", "TB_M_PART"."MPARTNAME", "TB_M_PART"."SUPPLIERCD", "TB_M_PART"."NSTATUS", "TB_M_PART"."CREATEDATE", "TB_M_PART"."CREATEBY", "TB_M_SUPPLIER"."SUPPLIERNAME"
FROM "DataWarehouse"."dbo"."TB_M_PART"
LEFT JOIN "DataWarehouse"."dbo"."TB_M_SUPPLIER" ON "TB_M_PART"."SUPPLIERCD" = "TB_M_SUPPLIER"."SUPPLIERCD"
WHERE "NSTATUS" = \'ACTIVE\'')
 3 SYSTEMPATH\Database\SQLSRV\Builder.php(656): CodeIgniter\Database\BaseConnection->query('SELECT "TB_M_PART"."MPARTNO", "TB_M_PART"."MPARTNAME", "TB_M_PART"."SUPPLIERCD", "TB_M_PART"."NSTATUS", "TB_M_PART"."CREATEDATE", "TB_M_PART"."CREATEBY", "TB_M_SUPPLIER"."SUPPLIERNAME"
FROM "DataWarehouse"."dbo"."TB_M_PART"
LEFT JOIN "DataWarehouse"."dbo"."TB_M_SUPPLIER" ON "TB_M_PART"."SUPPLIERCD" = "TB_M_SUPPLIER"."SUPPLIERCD"
WHERE "NSTATUS" = :NSTATUS:', [...], false)
 4 SYSTEMPATH\Model.php(286): CodeIgniter\Database\SQLSRV\Builder->get()
 5 SYSTEMPATH\BaseModel.php(679): CodeIgniter\Model->doFindAll(0, 0)
 6 APPPATH\Controllers\PartController.php(26): CodeIgniter\BaseModel->findAll()
 7 SYSTEMPATH\CodeIgniter.php(933): App\Controllers\PartController->index()
 8 SYSTEMPATH\CodeIgniter.php(507): CodeIgniter\CodeIgniter->runController(Object(App\Controllers\PartController))
 9 SYSTEMPATH\CodeIgniter.php(354): CodeIgniter\CodeIgniter->handleRequest(null, Object(Config\Cache), false)
10 SYSTEMPATH\Boot.php(334): CodeIgniter\CodeIgniter->run()
11 SYSTEMPATH\Boot.php(67): CodeIgniter\Boot::runCodeIgniter(Object(CodeIgniter\CodeIgniter))
12 FCPATH\index.php(59): CodeIgniter\Boot::bootWeb(Object(Config\Paths))
13 SYSTEMPATH\rewrite.php(44): require_once('D:\\Magang\\SSPS\\project\\public\\index.php')
DEBUG - 2025-07-14 04:24:10 --> Session: Class initialized using 'CodeIgniter\Session\Handlers\FileHandler' driver.
DEBUG - 2025-07-14 04:24:11 --> Session: Class initialized using 'CodeIgniter\Session\Handlers\FileHandler' driver.
DEBUG - 2025-07-14 04:24:12 --> Session: Class initialized using 'CodeIgniter\Session\Handlers\FileHandler' driver.
ERROR - 2025-07-14 04:24:17 --> [Microsoft][ODBC Driver 17 for SQL Server][SQL Server]Ambiguous column name 'NSTATUS'.
CRITICAL - 2025-07-14 04:24:17 --> CodeIgniter\Database\Exceptions\DatabaseException: [Microsoft][ODBC Driver 17 for SQL Server][SQL Server]Ambiguous column name 'NSTATUS'.
[Method: GET, Route: part]
in SYSTEMPATH\Database\BaseConnection.php on line 692.
 1 SYSTEMPATH\Database\SQLSRV\Builder.php(656): CodeIgniter\Database\BaseConnection->query('SELECT "TB_M_PART"."MPARTNO", "TB_M_PART"."MPARTNAME", "TB_M_PART"."SUPPLIERCD", "TB_M_PART"."NSTATUS", "TB_M_PART"."CREATEDATE", "TB_M_PART"."CREATEBY", "TB_M_SUPPLIER"."SUPPLIERNAME"
FROM "DataWarehouse"."dbo"."TB_M_PART"
LEFT JOIN "DataWarehouse"."dbo"."TB_M_SUPPLIER" ON "TB_M_PART"."SUPPLIERCD" = "TB_M_SUPPLIER"."SUPPLIERCD"
WHERE "NSTATUS" = :NSTATUS:', [...], false)
 2 SYSTEMPATH\Model.php(286): CodeIgniter\Database\SQLSRV\Builder->get()
 3 SYSTEMPATH\BaseModel.php(679): CodeIgniter\Model->doFindAll(0, 0)
 4 APPPATH\Controllers\PartController.php(26): CodeIgniter\BaseModel->findAll()
 5 SYSTEMPATH\CodeIgniter.php(933): App\Controllers\PartController->index()
 6 SYSTEMPATH\CodeIgniter.php(507): CodeIgniter\CodeIgniter->runController(Object(App\Controllers\PartController))
 7 SYSTEMPATH\CodeIgniter.php(354): CodeIgniter\CodeIgniter->handleRequest(null, Object(Config\Cache), false)
 8 SYSTEMPATH\Boot.php(334): CodeIgniter\CodeIgniter->run()
 9 SYSTEMPATH\Boot.php(67): CodeIgniter\Boot::runCodeIgniter(Object(CodeIgniter\CodeIgniter))
10 FCPATH\index.php(59): CodeIgniter\Boot::bootWeb(Object(Config\Paths))
11 SYSTEMPATH\rewrite.php(44): require_once('D:\\Magang\\SSPS\\project\\public\\index.php')
CRITICAL - 2025-07-14 04:24:17 --> [Caused by] CodeIgniter\Database\Exceptions\DatabaseException: [Microsoft][ODBC Driver 17 for SQL Server][SQL Server]Ambiguous column name 'NSTATUS'.
in SYSTEMPATH\Database\SQLSRV\Connection.php on line 505.
 1 SYSTEMPATH\Database\BaseConnection.php(738): CodeIgniter\Database\SQLSRV\Connection->execute('SELECT "TB_M_PART"."MPARTNO", "TB_M_PART"."MPARTNAME", "TB_M_PART"."SUPPLIERCD", "TB_M_PART"."NSTATUS", "TB_M_PART"."CREATEDATE", "TB_M_PART"."CREATEBY", "TB_M_SUPPLIER"."SUPPLIERNAME"
FROM "DataWarehouse"."dbo"."TB_M_PART"
LEFT JOIN "DataWarehouse"."dbo"."TB_M_SUPPLIER" ON "TB_M_PART"."SUPPLIERCD" = "TB_M_SUPPLIER"."SUPPLIERCD"
WHERE "NSTATUS" = \'ACTIVE\'')
 2 SYSTEMPATH\Database\BaseConnection.php(652): CodeIgniter\Database\BaseConnection->simpleQuery('SELECT "TB_M_PART"."MPARTNO", "TB_M_PART"."MPARTNAME", "TB_M_PART"."SUPPLIERCD", "TB_M_PART"."NSTATUS", "TB_M_PART"."CREATEDATE", "TB_M_PART"."CREATEBY", "TB_M_SUPPLIER"."SUPPLIERNAME"
FROM "DataWarehouse"."dbo"."TB_M_PART"
LEFT JOIN "DataWarehouse"."dbo"."TB_M_SUPPLIER" ON "TB_M_PART"."SUPPLIERCD" = "TB_M_SUPPLIER"."SUPPLIERCD"
WHERE "NSTATUS" = \'ACTIVE\'')
 3 SYSTEMPATH\Database\SQLSRV\Builder.php(656): CodeIgniter\Database\BaseConnection->query('SELECT "TB_M_PART"."MPARTNO", "TB_M_PART"."MPARTNAME", "TB_M_PART"."SUPPLIERCD", "TB_M_PART"."NSTATUS", "TB_M_PART"."CREATEDATE", "TB_M_PART"."CREATEBY", "TB_M_SUPPLIER"."SUPPLIERNAME"
FROM "DataWarehouse"."dbo"."TB_M_PART"
LEFT JOIN "DataWarehouse"."dbo"."TB_M_SUPPLIER" ON "TB_M_PART"."SUPPLIERCD" = "TB_M_SUPPLIER"."SUPPLIERCD"
WHERE "NSTATUS" = :NSTATUS:', [...], false)
 4 SYSTEMPATH\Model.php(286): CodeIgniter\Database\SQLSRV\Builder->get()
 5 SYSTEMPATH\BaseModel.php(679): CodeIgniter\Model->doFindAll(0, 0)
 6 APPPATH\Controllers\PartController.php(26): CodeIgniter\BaseModel->findAll()
 7 SYSTEMPATH\CodeIgniter.php(933): App\Controllers\PartController->index()
 8 SYSTEMPATH\CodeIgniter.php(507): CodeIgniter\CodeIgniter->runController(Object(App\Controllers\PartController))
 9 SYSTEMPATH\CodeIgniter.php(354): CodeIgniter\CodeIgniter->handleRequest(null, Object(Config\Cache), false)
10 SYSTEMPATH\Boot.php(334): CodeIgniter\CodeIgniter->run()
11 SYSTEMPATH\Boot.php(67): CodeIgniter\Boot::runCodeIgniter(Object(CodeIgniter\CodeIgniter))
12 FCPATH\index.php(59): CodeIgniter\Boot::bootWeb(Object(Config\Paths))
13 SYSTEMPATH\rewrite.php(44): require_once('D:\\Magang\\SSPS\\project\\public\\index.php')
DEBUG - 2025-07-14 04:24:22 --> Session: Class initialized using 'CodeIgniter\Session\Handlers\FileHandler' driver.
DEBUG - 2025-07-14 04:26:02 --> Session: Class initialized using 'CodeIgniter\Session\Handlers\FileHandler' driver.
ERROR - 2025-07-14 04:26:04 --> [Microsoft][ODBC Driver 17 for SQL Server][SQL Server]Ambiguous column name 'NSTATUS'.
CRITICAL - 2025-07-14 04:26:04 --> CodeIgniter\Database\Exceptions\DatabaseException: [Microsoft][ODBC Driver 17 for SQL Server][SQL Server]Ambiguous column name 'NSTATUS'.
[Method: GET, Route: part]
in SYSTEMPATH\Database\BaseConnection.php on line 692.
 1 SYSTEMPATH\Database\SQLSRV\Builder.php(656): CodeIgniter\Database\BaseConnection->query('SELECT "TB_M_PART"."MPARTNO", "TB_M_PART"."MPARTNAME", "TB_M_PART"."SUPPLIERCD", "TB_M_PART"."NSTATUS", "TB_M_PART"."CREATEDATE", "TB_M_PART"."CREATEBY", "TB_M_SUPPLIER"."SUPPLIERNAME"
FROM "DataWarehouse"."dbo"."TB_M_PART"
LEFT JOIN "DataWarehouse"."dbo"."TB_M_SUPPLIER" ON "TB_M_PART"."SUPPLIERCD" = "TB_M_SUPPLIER"."SUPPLIERCD"
WHERE "NSTATUS" = :NSTATUS:', [...], false)
 2 SYSTEMPATH\Model.php(286): CodeIgniter\Database\SQLSRV\Builder->get()
 3 SYSTEMPATH\BaseModel.php(679): CodeIgniter\Model->doFindAll(0, 0)
 4 APPPATH\Controllers\PartController.php(26): CodeIgniter\BaseModel->findAll()
 5 SYSTEMPATH\CodeIgniter.php(933): App\Controllers\PartController->index()
 6 SYSTEMPATH\CodeIgniter.php(507): CodeIgniter\CodeIgniter->runController(Object(App\Controllers\PartController))
 7 SYSTEMPATH\CodeIgniter.php(354): CodeIgniter\CodeIgniter->handleRequest(null, Object(Config\Cache), false)
 8 SYSTEMPATH\Boot.php(334): CodeIgniter\CodeIgniter->run()
 9 SYSTEMPATH\Boot.php(67): CodeIgniter\Boot::runCodeIgniter(Object(CodeIgniter\CodeIgniter))
10 FCPATH\index.php(59): CodeIgniter\Boot::bootWeb(Object(Config\Paths))
11 SYSTEMPATH\rewrite.php(44): require_once('D:\\Magang\\SSPS\\project\\public\\index.php')
CRITICAL - 2025-07-14 04:26:04 --> [Caused by] CodeIgniter\Database\Exceptions\DatabaseException: [Microsoft][ODBC Driver 17 for SQL Server][SQL Server]Ambiguous column name 'NSTATUS'.
in SYSTEMPATH\Database\SQLSRV\Connection.php on line 505.
 1 SYSTEMPATH\Database\BaseConnection.php(738): CodeIgniter\Database\SQLSRV\Connection->execute('SELECT "TB_M_PART"."MPARTNO", "TB_M_PART"."MPARTNAME", "TB_M_PART"."SUPPLIERCD", "TB_M_PART"."NSTATUS", "TB_M_PART"."CREATEDATE", "TB_M_PART"."CREATEBY", "TB_M_SUPPLIER"."SUPPLIERNAME"
FROM "DataWarehouse"."dbo"."TB_M_PART"
LEFT JOIN "DataWarehouse"."dbo"."TB_M_SUPPLIER" ON "TB_M_PART"."SUPPLIERCD" = "TB_M_SUPPLIER"."SUPPLIERCD"
WHERE "NSTATUS" = \'ACTIVE\'')
 2 SYSTEMPATH\Database\BaseConnection.php(652): CodeIgniter\Database\BaseConnection->simpleQuery('SELECT "TB_M_PART"."MPARTNO", "TB_M_PART"."MPARTNAME", "TB_M_PART"."SUPPLIERCD", "TB_M_PART"."NSTATUS", "TB_M_PART"."CREATEDATE", "TB_M_PART"."CREATEBY", "TB_M_SUPPLIER"."SUPPLIERNAME"
FROM "DataWarehouse"."dbo"."TB_M_PART"
LEFT JOIN "DataWarehouse"."dbo"."TB_M_SUPPLIER" ON "TB_M_PART"."SUPPLIERCD" = "TB_M_SUPPLIER"."SUPPLIERCD"
WHERE "NSTATUS" = \'ACTIVE\'')
 3 SYSTEMPATH\Database\SQLSRV\Builder.php(656): CodeIgniter\Database\BaseConnection->query('SELECT "TB_M_PART"."MPARTNO", "TB_M_PART"."MPARTNAME", "TB_M_PART"."SUPPLIERCD", "TB_M_PART"."NSTATUS", "TB_M_PART"."CREATEDATE", "TB_M_PART"."CREATEBY", "TB_M_SUPPLIER"."SUPPLIERNAME"
FROM "DataWarehouse"."dbo"."TB_M_PART"
LEFT JOIN "DataWarehouse"."dbo"."TB_M_SUPPLIER" ON "TB_M_PART"."SUPPLIERCD" = "TB_M_SUPPLIER"."SUPPLIERCD"
WHERE "NSTATUS" = :NSTATUS:', [...], false)
 4 SYSTEMPATH\Model.php(286): CodeIgniter\Database\SQLSRV\Builder->get()
 5 SYSTEMPATH\BaseModel.php(679): CodeIgniter\Model->doFindAll(0, 0)
 6 APPPATH\Controllers\PartController.php(26): CodeIgniter\BaseModel->findAll()
 7 SYSTEMPATH\CodeIgniter.php(933): App\Controllers\PartController->index()
 8 SYSTEMPATH\CodeIgniter.php(507): CodeIgniter\CodeIgniter->runController(Object(App\Controllers\PartController))
 9 SYSTEMPATH\CodeIgniter.php(354): CodeIgniter\CodeIgniter->handleRequest(null, Object(Config\Cache), false)
10 SYSTEMPATH\Boot.php(334): CodeIgniter\CodeIgniter->run()
11 SYSTEMPATH\Boot.php(67): CodeIgniter\Boot::runCodeIgniter(Object(CodeIgniter\CodeIgniter))
12 FCPATH\index.php(59): CodeIgniter\Boot::bootWeb(Object(Config\Paths))
13 SYSTEMPATH\rewrite.php(44): require_once('D:\\Magang\\SSPS\\project\\public\\index.php')
DEBUG - 2025-07-14 04:26:11 --> Session: Class initialized using 'CodeIgniter\Session\Handlers\FileHandler' driver.
DEBUG - 2025-07-14 04:28:07 --> Session: Class initialized using 'CodeIgniter\Session\Handlers\FileHandler' driver.
DEBUG - 2025-07-14 04:37:27 --> Session: Class initialized using 'CodeIgniter\Session\Handlers\FileHandler' driver.
DEBUG - 2025-07-14 04:37:32 --> Session: Class initialized using 'CodeIgniter\Session\Handlers\FileHandler' driver.
DEBUG - 2025-07-14 04:42:12 --> Session: Class initialized using 'CodeIgniter\Session\Handlers\FileHandler' driver.
DEBUG - 2025-07-14 04:42:16 --> Session: Class initialized using 'CodeIgniter\Session\Handlers\FileHandler' driver.
DEBUG - 2025-07-14 04:42:19 --> Session: Class initialized using 'CodeIgniter\Session\Handlers\FileHandler' driver.
DEBUG - 2025-07-14 04:42:23 --> Session: Class initialized using 'CodeIgniter\Session\Handlers\FileHandler' driver.
DEBUG - 2025-07-14 04:42:37 --> Session: Class initialized using 'CodeIgniter\Session\Handlers\FileHandler' driver.
DEBUG - 2025-07-14 04:42:40 --> Session: Class initialized using 'CodeIgniter\Session\Handlers\FileHandler' driver.
CRITICAL - 2025-07-14 04:42:40 --> ErrorException: Undefined variable $suppliers
[Method: GET, Route: part/edit/091410B040]
in APPPATH\Views\Part\update.php on line 61.
 1 APPPATH\Views\Part\update.php(61): CodeIgniter\Debug\Exceptions->errorHandler(2, 'Undefined variable $suppliers', 'D:\\Magang\\SSPS\\project\\app\\Views\\Part\\update.php', 61)
 2 SYSTEMPATH\View\View.php(224): include('D:\\Magang\\SSPS\\project\\app\\Views\\Part\\update.php')
 3 SYSTEMPATH\View\View.php(227): CodeIgniter\View\View->CodeIgniter\View\{closure}()
 4 SYSTEMPATH\Common.php(1173): CodeIgniter\View\View->render('part/update', [], true)
 5 APPPATH\Controllers\PartController.php(87): view('part/update', [...])
 6 SYSTEMPATH\CodeIgniter.php(933): App\Controllers\PartController->edit('091410B040')
 7 SYSTEMPATH\CodeIgniter.php(507): CodeIgniter\CodeIgniter->runController(Object(App\Controllers\PartController))
 8 SYSTEMPATH\CodeIgniter.php(354): CodeIgniter\CodeIgniter->handleRequest(null, Object(Config\Cache), false)
 9 SYSTEMPATH\Boot.php(334): CodeIgniter\CodeIgniter->run()
10 SYSTEMPATH\Boot.php(67): CodeIgniter\Boot::runCodeIgniter(Object(CodeIgniter\CodeIgniter))
11 FCPATH\index.php(59): CodeIgniter\Boot::bootWeb(Object(Config\Paths))
12 SYSTEMPATH\rewrite.php(44): require_once('D:\\Magang\\SSPS\\project\\public\\index.php')
DEBUG - 2025-07-14 04:42:49 --> Session: Class initialized using 'CodeIgniter\Session\Handlers\FileHandler' driver.
DEBUG - 2025-07-14 04:43:15 --> Session: Class initialized using 'CodeIgniter\Session\Handlers\FileHandler' driver.
DEBUG - 2025-07-14 04:43:19 --> Session: Class initialized using 'CodeIgniter\Session\Handlers\FileHandler' driver.
DEBUG - 2025-07-14 04:45:40 --> Session: Class initialized using 'CodeIgniter\Session\Handlers\FileHandler' driver.
DEBUG - 2025-07-14 04:45:42 --> Session: Class initialized using 'CodeIgniter\Session\Handlers\FileHandler' driver.
DEBUG - 2025-07-14 06:13:30 --> Session: Class initialized using 'CodeIgniter\Session\Handlers\FileHandler' driver.
DEBUG - 2025-07-14 06:13:30 --> Session: Class initialized using 'CodeIgniter\Session\Handlers\FileHandler' driver.
DEBUG - 2025-07-14 06:20:24 --> Session: Class initialized using 'CodeIgniter\Session\Handlers\FileHandler' driver.
DEBUG - 2025-07-14 06:22:22 --> Session: Class initialized using 'CodeIgniter\Session\Handlers\FileHandler' driver.
DEBUG - 2025-07-14 06:30:17 --> Session: Class initialized using 'CodeIgniter\Session\Handlers\FileHandler' driver.
DEBUG - 2025-07-14 06:30:20 --> Session: Class initialized using 'CodeIgniter\Session\Handlers\FileHandler' driver.
CRITICAL - 2025-07-14 06:30:29 --> ErrorException: Undefined array key "SUPPLIERNAME"
[Method: GET, Route: part/show/091410B040]
in APPPATH\Views\Part\detail.php on line 21.
 1 APPPATH\Views\Part\detail.php(21): CodeIgniter\Debug\Exceptions->errorHandler(2, 'Undefined array key "SUPPLIERNAME"', 'D:\\Magang\\SSPS\\project\\app\\Views\\Part\\detail.php', 21)
 2 SYSTEMPATH\View\View.php(224): include('D:\\Magang\\SSPS\\project\\app\\Views\\Part\\detail.php')
 3 SYSTEMPATH\View\View.php(227): CodeIgniter\View\View->CodeIgniter\View\{closure}()
 4 SYSTEMPATH\Common.php(1173): CodeIgniter\View\View->render('part/detail', [], true)
 5 APPPATH\Controllers\PartController.php(38): view('part/detail', [...])
 6 SYSTEMPATH\CodeIgniter.php(933): App\Controllers\PartController->show('091410B040')
 7 SYSTEMPATH\CodeIgniter.php(507): CodeIgniter\CodeIgniter->runController(Object(App\Controllers\PartController))
 8 SYSTEMPATH\CodeIgniter.php(354): CodeIgniter\CodeIgniter->handleRequest(null, Object(Config\Cache), false)
 9 SYSTEMPATH\Boot.php(334): CodeIgniter\CodeIgniter->run()
10 SYSTEMPATH\Boot.php(67): CodeIgniter\Boot::runCodeIgniter(Object(CodeIgniter\CodeIgniter))
11 FCPATH\index.php(59): CodeIgniter\Boot::bootWeb(Object(Config\Paths))
12 SYSTEMPATH\rewrite.php(44): require_once('D:\\Magang\\SSPS\\project\\public\\index.php')
CRITICAL - 2025-07-14 06:30:36 --> ErrorException: Undefined array key "SUPPLIERNAME"
[Method: GET, Route: part/show/091410B040]
in APPPATH\Views\Part\detail.php on line 21.
 1 APPPATH\Views\Part\detail.php(21): CodeIgniter\Debug\Exceptions->errorHandler(2, 'Undefined array key "SUPPLIERNAME"', 'D:\\Magang\\SSPS\\project\\app\\Views\\Part\\detail.php', 21)
 2 SYSTEMPATH\View\View.php(224): include('D:\\Magang\\SSPS\\project\\app\\Views\\Part\\detail.php')
 3 SYSTEMPATH\View\View.php(227): CodeIgniter\View\View->CodeIgniter\View\{closure}()
 4 SYSTEMPATH\Common.php(1173): CodeIgniter\View\View->render('part/detail', [], true)
 5 APPPATH\Controllers\PartController.php(38): view('part/detail', [...])
 6 SYSTEMPATH\CodeIgniter.php(933): App\Controllers\PartController->show('091410B040')
 7 SYSTEMPATH\CodeIgniter.php(507): CodeIgniter\CodeIgniter->runController(Object(App\Controllers\PartController))
 8 SYSTEMPATH\CodeIgniter.php(354): CodeIgniter\CodeIgniter->handleRequest(null, Object(Config\Cache), false)
 9 SYSTEMPATH\Boot.php(334): CodeIgniter\CodeIgniter->run()
10 SYSTEMPATH\Boot.php(67): CodeIgniter\Boot::runCodeIgniter(Object(CodeIgniter\CodeIgniter))
11 FCPATH\index.php(59): CodeIgniter\Boot::bootWeb(Object(Config\Paths))
12 SYSTEMPATH\rewrite.php(44): require_once('D:\\Magang\\SSPS\\project\\public\\index.php')
CRITICAL - 2025-07-14 06:31:23 --> ErrorException: Undefined array key "SUPPLIERNAME"
[Method: GET, Route: part/show/091410B040]
in APPPATH\Views\Part\detail.php on line 21.
 1 APPPATH\Views\Part\detail.php(21): CodeIgniter\Debug\Exceptions->errorHandler(2, 'Undefined array key "SUPPLIERNAME"', 'D:\\Magang\\SSPS\\project\\app\\Views\\Part\\detail.php', 21)
 2 SYSTEMPATH\View\View.php(224): include('D:\\Magang\\SSPS\\project\\app\\Views\\Part\\detail.php')
 3 SYSTEMPATH\View\View.php(227): CodeIgniter\View\View->CodeIgniter\View\{closure}()
 4 SYSTEMPATH\Common.php(1173): CodeIgniter\View\View->render('part/detail', [], true)
 5 APPPATH\Controllers\PartController.php(38): view('part/detail', [...])
 6 SYSTEMPATH\CodeIgniter.php(933): App\Controllers\PartController->show('091410B040')
 7 SYSTEMPATH\CodeIgniter.php(507): CodeIgniter\CodeIgniter->runController(Object(App\Controllers\PartController))
 8 SYSTEMPATH\CodeIgniter.php(354): CodeIgniter\CodeIgniter->handleRequest(null, Object(Config\Cache), false)
 9 SYSTEMPATH\Boot.php(334): CodeIgniter\CodeIgniter->run()
10 SYSTEMPATH\Boot.php(67): CodeIgniter\Boot::runCodeIgniter(Object(CodeIgniter\CodeIgniter))
11 FCPATH\index.php(59): CodeIgniter\Boot::bootWeb(Object(Config\Paths))
12 SYSTEMPATH\rewrite.php(44): require_once('D:\\Magang\\SSPS\\project\\public\\index.php')
DEBUG - 2025-07-14 06:53:30 --> Session: Class initialized using 'CodeIgniter\Session\Handlers\FileHandler' driver.
DEBUG - 2025-07-14 06:53:42 --> Session: Class initialized using 'CodeIgniter\Session\Handlers\FileHandler' driver.
DEBUG - 2025-07-14 07:20:40 --> Session: Class initialized using 'CodeIgniter\Session\Handlers\FileHandler' driver.
DEBUG - 2025-07-14 07:33:30 --> Session: Class initialized using 'CodeIgniter\Session\Handlers\FileHandler' driver.
DEBUG - 2025-07-14 07:49:05 --> Session: Class initialized using 'CodeIgniter\Session\Handlers\FileHandler' driver.
DEBUG - 2025-07-14 08:03:56 --> Session: Class initialized using 'CodeIgniter\Session\Handlers\FileHandler' driver.
DEBUG - 2025-07-14 08:08:31 --> Session: Class initialized using 'CodeIgniter\Session\Handlers\FileHandler' driver.
DEBUG - 2025-07-14 08:08:35 --> Session: Class initialized using 'CodeIgniter\Session\Handlers\FileHandler' driver.
DEBUG - 2025-07-14 08:08:35 --> Session: Class initialized using 'CodeIgniter\Session\Handlers\FileHandler' driver.
DEBUG - 2025-07-14 08:30:34 --> Session: Class initialized using 'CodeIgniter\Session\Handlers\FileHandler' driver.
DEBUG - 2025-07-14 08:30:46 --> Session: Class initialized using 'CodeIgniter\Session\Handlers\FileHandler' driver.
DEBUG - 2025-07-14 08:30:46 --> Session: Class initialized using 'CodeIgniter\Session\Handlers\FileHandler' driver.
DEBUG - 2025-07-14 08:37:07 --> Session: Class initialized using 'CodeIgniter\Session\Handlers\FileHandler' driver.
DEBUG - 2025-07-14 08:39:23 --> Session: Class initialized using 'CodeIgniter\Session\Handlers\FileHandler' driver.
DEBUG - 2025-07-14 08:40:54 --> Session: Class initialized using 'CodeIgniter\Session\Handlers\FileHandler' driver.
DEBUG - 2025-07-14 08:41:03 --> Session: Class initialized using 'CodeIgniter\Session\Handlers\FileHandler' driver.
DEBUG - 2025-07-14 08:41:34 --> Session: Class initialized using 'CodeIgniter\Session\Handlers\FileHandler' driver.
DEBUG - 2025-07-14 08:45:00 --> Session: Class initialized using 'CodeIgniter\Session\Handlers\FileHandler' driver.
DEBUG - 2025-07-14 08:45:03 --> Session: Class initialized using 'CodeIgniter\Session\Handlers\FileHandler' driver.
DEBUG - 2025-07-14 08:45:03 --> Session: Class initialized using 'CodeIgniter\Session\Handlers\FileHandler' driver.
DEBUG - 2025-07-14 08:45:44 --> Session: Class initialized using 'CodeIgniter\Session\Handlers\FileHandler' driver.
DEBUG - 2025-07-14 08:48:07 --> Session: Class initialized using 'CodeIgniter\Session\Handlers\FileHandler' driver.
DEBUG - 2025-07-14 08:48:37 --> Session: Class initialized using 'CodeIgniter\Session\Handlers\FileHandler' driver.
DEBUG - 2025-07-14 08:53:19 --> Session: Class initialized using 'CodeIgniter\Session\Handlers\FileHandler' driver.
DEBUG - 2025-07-14 08:53:46 --> Session: Class initialized using 'CodeIgniter\Session\Handlers\FileHandler' driver.
DEBUG - 2025-07-14 08:53:46 --> Session: Class initialized using 'CodeIgniter\Session\Handlers\FileHandler' driver.
DEBUG - 2025-07-14 08:54:03 --> Session: Class initialized using 'CodeIgniter\Session\Handlers\FileHandler' driver.
DEBUG - 2025-07-14 08:54:24 --> Session: Class initialized using 'CodeIgniter\Session\Handlers\FileHandler' driver.
DEBUG - 2025-07-14 08:54:24 --> Session: Class initialized using 'CodeIgniter\Session\Handlers\FileHandler' driver.
DEBUG - 2025-07-14 08:56:35 --> Session: Class initialized using 'CodeIgniter\Session\Handlers\FileHandler' driver.
DEBUG - 2025-07-14 08:56:35 --> Session: Class initialized using 'CodeIgniter\Session\Handlers\FileHandler' driver.
DEBUG - 2025-07-14 09:00:00 --> Session: Class initialized using 'CodeIgniter\Session\Handlers\FileHandler' driver.
DEBUG - 2025-07-14 09:00:22 --> Session: Class initialized using 'CodeIgniter\Session\Handlers\FileHandler' driver.
DEBUG - 2025-07-14 09:02:58 --> Session: Class initialized using 'CodeIgniter\Session\Handlers\FileHandler' driver.
DEBUG - 2025-07-14 09:08:58 --> Session: Class initialized using 'CodeIgniter\Session\Handlers\FileHandler' driver.
DEBUG - 2025-07-14 09:10:56 --> Session: Class initialized using 'CodeIgniter\Session\Handlers\FileHandler' driver.
DEBUG - 2025-07-14 09:11:09 --> Session: Class initialized using 'CodeIgniter\Session\Handlers\FileHandler' driver.
DEBUG - 2025-07-14 09:11:16 --> Session: Class initialized using 'CodeIgniter\Session\Handlers\FileHandler' driver.
DEBUG - 2025-07-14 09:11:16 --> Session: Class initialized using 'CodeIgniter\Session\Handlers\FileHandler' driver.
DEBUG - 2025-07-14 09:11:17 --> Session: Class initialized using 'CodeIgniter\Session\Handlers\FileHandler' driver.
DEBUG - 2025-07-14 09:11:17 --> Session: Class initialized using 'CodeIgniter\Session\Handlers\FileHandler' driver.
DEBUG - 2025-07-14 09:11:29 --> Session: Class initialized using 'CodeIgniter\Session\Handlers\FileHandler' driver.
DEBUG - 2025-07-14 09:11:29 --> Session: Class initialized using 'CodeIgniter\Session\Handlers\FileHandler' driver.
DEBUG - 2025-07-14 09:11:37 --> Session: Class initialized using 'CodeIgniter\Session\Handlers\FileHandler' driver.
DEBUG - 2025-07-14 09:11:37 --> Session: Class initialized using 'CodeIgniter\Session\Handlers\FileHandler' driver.
DEBUG - 2025-07-14 09:11:45 --> Session: Class initialized using 'CodeIgniter\Session\Handlers\FileHandler' driver.
DEBUG - 2025-07-14 09:11:45 --> Session: Class initialized using 'CodeIgniter\Session\Handlers\FileHandler' driver.
DEBUG - 2025-07-14 09:11:46 --> Session: Class initialized using 'CodeIgniter\Session\Handlers\FileHandler' driver.
DEBUG - 2025-07-14 09:11:47 --> Session: Class initialized using 'CodeIgniter\Session\Handlers\FileHandler' driver.
DEBUG - 2025-07-14 10:01:53 --> Session: Class initialized using 'CodeIgniter\Session\Handlers\FileHandler' driver.
DEBUG - 2025-07-14 10:02:16 --> Session: Class initialized using 'CodeIgniter\Session\Handlers\FileHandler' driver.
DEBUG - 2025-07-14 10:03:44 --> Session: Class initialized using 'CodeIgniter\Session\Handlers\FileHandler' driver.
DEBUG - 2025-07-14 10:07:10 --> Session: Class initialized using 'CodeIgniter\Session\Handlers\FileHandler' driver.
