DEBUG - 2025-07-04 02:45:45 --> Session: Class initialized using 'CodeIgniter\Session\Handlers\FileHandler' driver.
DEBUG - 2025-07-04 02:46:04 --> Login attempt by: superadmin
DEBUG - 2025-07-04 02:46:04 --> Password input: toyoadmin
DEBUG - 2025-07-04 02:46:04 --> Login attempt: superadmin / toyoadmin
DEBUG - 2025-07-04 02:46:04 --> Password from DB: $2y$10$Ws8vghqjuVG2AS/3mk853u/wuOgAMu.FwMwZyJo79H9xnA3DwI31.
DEBUG - 2025-07-04 02:46:04 --> Password match.
DEBUG - 2025-07-04 02:46:04 --> Session: Class initialized using 'CodeIgniter\Session\Handlers\FileHandler' driver.
DEBUG - 2025-07-04 02:46:04 --> Session setelah login: Array
(
    [__ci_last_regenerate] => 1751597145
    [isLoggedIn] => 1
    [userId] => 00009901
    [username] => superadmin
    [nama] => Super Admin
)

DEBUG - 2025-07-04 02:46:04 --> Session: Class initialized using 'CodeIgniter\Session\Handlers\FileHandler' driver.
DEBUG - 2025-07-04 02:46:25 --> Session: Class initialized using 'CodeIgniter\Session\Handlers\FileHandler' driver.
DEBUG - 2025-07-04 02:46:41 --> Session: Class initialized using 'CodeIgniter\Session\Handlers\FileHandler' driver.
DEBUG - 2025-07-04 02:48:48 --> Session: Class initialized using 'CodeIgniter\Session\Handlers\FileHandler' driver.
DEBUG - 2025-07-04 02:50:37 --> Session: Class initialized using 'CodeIgniter\Session\Handlers\FileHandler' driver.
DEBUG - 2025-07-04 07:09:59 --> Session: Class initialized using 'CodeIgniter\Session\Handlers\FileHandler' driver.
DEBUG - 2025-07-04 07:10:18 --> Login attempt by: superadmin
DEBUG - 2025-07-04 07:10:18 --> Password input: toyoadmin
DEBUG - 2025-07-04 07:10:18 --> Login attempt: superadmin / toyoadmin
DEBUG - 2025-07-04 07:10:18 --> Password from DB: $2y$10$Ws8vghqjuVG2AS/3mk853u/wuOgAMu.FwMwZyJo79H9xnA3DwI31.
DEBUG - 2025-07-04 07:10:19 --> Password match.
DEBUG - 2025-07-04 07:10:19 --> Session: Class initialized using 'CodeIgniter\Session\Handlers\FileHandler' driver.
DEBUG - 2025-07-04 07:10:19 --> Session setelah login: Array
(
    [__ci_last_regenerate] => 1751612999
    [isLoggedIn] => 1
    [userId] => 00009901
    [username] => superadmin
    [nama] => Super Admin
)

DEBUG - 2025-07-04 07:10:19 --> Session: Class initialized using 'CodeIgniter\Session\Handlers\FileHandler' driver.
DEBUG - 2025-07-04 08:20:11 --> Session: Class initialized using 'CodeIgniter\Session\Handlers\FileHandler' driver.
DEBUG - 2025-07-04 08:28:38 --> Session: Class initialized using 'CodeIgniter\Session\Handlers\FileHandler' driver.
