DEBUG - 2025-07-03 07:56:54 --> Login attempt by: superadmin
DEBUG - 2025-07-03 07:56:54 --> Password input: toyoadmin
DEBUG - 2025-07-03 07:56:54 --> Login attempt: superadmin / toyoadmin
DEBUG - 2025-07-03 07:56:54 --> Password from DB: $2y$10$Ws8vghqjuVG2AS/3mk853u/wuOgAMu.FwMwZyJo79H9xnA3DwI31.
DEBUG - 2025-07-03 07:56:55 --> Password match.
DEBUG - 2025-07-03 07:56:55 --> Session: Class initialized using 'CodeIgniter\Session\Handlers\FileHandler' driver.
DEBUG - 2025-07-03 07:56:55 --> Session setelah login: Array
(
    [__ci_last_regenerate] => 1751529415
    [isLoggedIn] => 1
    [userId] => 00009901
    [username] => superadmin
    [nama] => Super Admin
)

DEBUG - 2025-07-03 07:56:55 --> Session: Class initialized using 'CodeIgniter\Session\Handlers\FileHandler' driver.
DEBUG - 2025-07-03 07:57:06 --> Session: Class initialized using 'CodeIgniter\Session\Handlers\FileHandler' driver.
DEBUG - 2025-07-03 07:57:10 --> Session: Class initialized using 'CodeIgniter\Session\Handlers\FileHandler' driver.
DEBUG - 2025-07-03 07:57:39 --> Session: Class initialized using 'CodeIgniter\Session\Handlers\FileHandler' driver.
DEBUG - 2025-07-03 07:57:52 --> Session: Class initialized using 'CodeIgniter\Session\Handlers\FileHandler' driver.
DEBUG - 2025-07-03 08:04:10 --> Session: Class initialized using 'CodeIgniter\Session\Handlers\FileHandler' driver.
DEBUG - 2025-07-03 08:07:03 --> Session: Class initialized using 'CodeIgniter\Session\Handlers\FileHandler' driver.
DEBUG - 2025-07-03 08:09:01 --> Session: Class initialized using 'CodeIgniter\Session\Handlers\FileHandler' driver.
DEBUG - 2025-07-03 08:09:33 --> Session: Class initialized using 'CodeIgniter\Session\Handlers\FileHandler' driver.
DEBUG - 2025-07-03 08:10:29 --> Session: Class initialized using 'CodeIgniter\Session\Handlers\FileHandler' driver.
DEBUG - 2025-07-03 08:11:11 --> Session: Class initialized using 'CodeIgniter\Session\Handlers\FileHandler' driver.
