DEBUG - 2025-06-15 04:02:43 --> Session: Class initialized using 'CodeIgniter\Session\Handlers\FileHandler' driver.
DEBUG - 2025-06-15 04:02:45 --> Session: Class initialized using 'CodeIgniter\Session\Handlers\FileHandler' driver.
DEBUG - 2025-06-15 04:04:01 --> Login attempt by: superadmin
DEBUG - 2025-06-15 04:04:02 --> User found: Array
(
    [MNOREG] => 083278773
    [MUSERNAME] => superadmin
    [MNAMA] => Super Admin
    [MPASWORD] => toyoadmin
    [NSTATUS] => aktif
    [CREATEDATE] => 2025-04-02
    [RCEATEBY] => 
)

DEBUG - 2025-06-15 04:04:02 --> Password match.
DEBUG - 2025-06-15 04:04:02 --> Session: Class initialized using 'CodeIgniter\Session\Handlers\FileHandler' driver.
DEBUG - 2025-06-15 04:04:02 --> Session: Class initialized using 'CodeIgniter\Session\Handlers\FileHandler' driver.
DEBUG - 2025-06-15 04:29:33 --> Session: Class initialized using 'CodeIgniter\Session\Handlers\FileHandler' driver.
DEBUG - 2025-06-15 04:29:34 --> Session: Class initialized using 'CodeIgniter\Session\Handlers\FileHandler' driver.
DEBUG - 2025-06-15 04:29:34 --> Session: Class initialized using 'CodeIgniter\Session\Handlers\FileHandler' driver.
DEBUG - 2025-06-15 04:29:41 --> Session: Class initialized using 'CodeIgniter\Session\Handlers\FileHandler' driver.
DEBUG - 2025-06-15 05:00:04 --> Session: Class initialized using 'CodeIgniter\Session\Handlers\FileHandler' driver.
DEBUG - 2025-06-15 05:00:14 --> Session: Class initialized using 'CodeIgniter\Session\Handlers\FileHandler' driver.
DEBUG - 2025-06-15 05:07:20 --> Session: Class initialized using 'CodeIgniter\Session\Handlers\FileHandler' driver.
CRITICAL - 2025-06-15 05:07:23 --> ErrorException: Undefined property: CodeIgniter\View\View::$load
[Method: GET, Route: part]
in APPPATH\Views\Part\index.php on line 1.
 1 APPPATH\Views\Part\index.php(1): CodeIgniter\Debug\Exceptions->errorHandler(2, 'Undefined property: CodeIgniter\\View\\View::$load', 'D:\\Magang\\SSPS\\project\\app\\Views\\Part\\index.php', 1)
 2 SYSTEMPATH\View\View.php(224): include('D:\\Magang\\SSPS\\project\\app\\Views\\Part\\index.php')
 3 SYSTEMPATH\View\View.php(227): CodeIgniter\View\View->CodeIgniter\View\{closure}()
 4 SYSTEMPATH\Common.php(1173): CodeIgniter\View\View->render('part/index', [], true)
 5 APPPATH\Controllers\PartController.php(20): view('part/index', [...])
 6 SYSTEMPATH\CodeIgniter.php(933): App\Controllers\PartController->index()
 7 SYSTEMPATH\CodeIgniter.php(507): CodeIgniter\CodeIgniter->runController(Object(App\Controllers\PartController))
 8 SYSTEMPATH\CodeIgniter.php(354): CodeIgniter\CodeIgniter->handleRequest(null, Object(Config\Cache), false)
 9 SYSTEMPATH\Boot.php(334): CodeIgniter\CodeIgniter->run()
10 SYSTEMPATH\Boot.php(67): CodeIgniter\Boot::runCodeIgniter(Object(CodeIgniter\CodeIgniter))
11 FCPATH\index.php(59): CodeIgniter\Boot::bootWeb(Object(Config\Paths))
12 SYSTEMPATH\rewrite.php(44): require_once('D:\\Magang\\SSPS\\project\\public\\index.php')
CRITICAL - 2025-06-15 16:08:12 --> CodeIgniter\View\Exceptions\ViewException: Invalid file: "part/show.php"
[Method: GET, Route: part/show/P001]
in SYSTEMPATH\Exceptions\FrameworkException.php on line 39.
 1 SYSTEMPATH\View\View.php(212): CodeIgniter\Exceptions\FrameworkException::forInvalidFile('part/show.php')
 2 SYSTEMPATH\Common.php(1173): CodeIgniter\View\View->render('part/show', [], true)
 3 APPPATH\Controllers\PartController.php(30): view('part/show', [...])
 4 SYSTEMPATH\CodeIgniter.php(933): App\Controllers\PartController->show('P001')
 5 SYSTEMPATH\CodeIgniter.php(507): CodeIgniter\CodeIgniter->runController(Object(App\Controllers\PartController))
 6 SYSTEMPATH\CodeIgniter.php(354): CodeIgniter\CodeIgniter->handleRequest(null, Object(Config\Cache), false)
 7 SYSTEMPATH\Boot.php(334): CodeIgniter\CodeIgniter->run()
 8 SYSTEMPATH\Boot.php(67): CodeIgniter\Boot::runCodeIgniter(Object(CodeIgniter\CodeIgniter))
 9 FCPATH\index.php(59): CodeIgniter\Boot::bootWeb(Object(Config\Paths))
10 SYSTEMPATH\rewrite.php(44): require_once('D:\\Magang\\SSPS\\project\\public\\index.php')
CRITICAL - 2025-06-15 16:08:48 --> CodeIgniter\View\Exceptions\ViewException: Invalid file: "part/details.php"
[Method: GET, Route: part/show/P001]
in SYSTEMPATH\Exceptions\FrameworkException.php on line 39.
 1 SYSTEMPATH\View\View.php(212): CodeIgniter\Exceptions\FrameworkException::forInvalidFile('part/details.php')
 2 SYSTEMPATH\Common.php(1173): CodeIgniter\View\View->render('part/details', [], true)
 3 APPPATH\Controllers\PartController.php(30): view('part/details', [...])
 4 SYSTEMPATH\CodeIgniter.php(933): App\Controllers\PartController->show('P001')
 5 SYSTEMPATH\CodeIgniter.php(507): CodeIgniter\CodeIgniter->runController(Object(App\Controllers\PartController))
 6 SYSTEMPATH\CodeIgniter.php(354): CodeIgniter\CodeIgniter->handleRequest(null, Object(Config\Cache), false)
 7 SYSTEMPATH\Boot.php(334): CodeIgniter\CodeIgniter->run()
 8 SYSTEMPATH\Boot.php(67): CodeIgniter\Boot::runCodeIgniter(Object(CodeIgniter\CodeIgniter))
 9 FCPATH\index.php(59): CodeIgniter\Boot::bootWeb(Object(Config\Paths))
10 SYSTEMPATH\rewrite.php(44): require_once('D:\\Magang\\SSPS\\project\\public\\index.php')
CRITICAL - 2025-06-15 16:09:55 --> CodeIgniter\View\Exceptions\ViewException: Invalid file: "part/edit.php"
[Method: GET, Route: part/edit/P001]
in SYSTEMPATH\Exceptions\FrameworkException.php on line 39.
 1 SYSTEMPATH\View\View.php(212): CodeIgniter\Exceptions\FrameworkException::forInvalidFile('part/edit.php')
 2 SYSTEMPATH\Common.php(1173): CodeIgniter\View\View->render('part/edit', [], true)
 3 APPPATH\Controllers\PartController.php(57): view('part/edit', [...])
 4 SYSTEMPATH\CodeIgniter.php(933): App\Controllers\PartController->edit('P001')
 5 SYSTEMPATH\CodeIgniter.php(507): CodeIgniter\CodeIgniter->runController(Object(App\Controllers\PartController))
 6 SYSTEMPATH\CodeIgniter.php(354): CodeIgniter\CodeIgniter->handleRequest(null, Object(Config\Cache), false)
 7 SYSTEMPATH\Boot.php(334): CodeIgniter\CodeIgniter->run()
 8 SYSTEMPATH\Boot.php(67): CodeIgniter\Boot::runCodeIgniter(Object(CodeIgniter\CodeIgniter))
 9 FCPATH\index.php(59): CodeIgniter\Boot::bootWeb(Object(Config\Paths))
10 SYSTEMPATH\rewrite.php(44): require_once('D:\\Magang\\SSPS\\project\\public\\index.php')
CRITICAL - 2025-06-15 16:10:26 --> ErrorException: Undefined property: CodeIgniter\View\View::$load
[Method: GET, Route: part/edit/P001]
in APPPATH\Views\Part\update.php on line 1.
 1 APPPATH\Views\Part\update.php(1): CodeIgniter\Debug\Exceptions->errorHandler(2, 'Undefined property: CodeIgniter\\View\\View::$load', 'D:\\Magang\\SSPS\\project\\app\\Views\\Part\\update.php', 1)
 2 SYSTEMPATH\View\View.php(224): include('D:\\Magang\\SSPS\\project\\app\\Views\\Part\\update.php')
 3 SYSTEMPATH\View\View.php(227): CodeIgniter\View\View->CodeIgniter\View\{closure}()
 4 SYSTEMPATH\Common.php(1173): CodeIgniter\View\View->render('part/update', [], true)
 5 APPPATH\Controllers\PartController.php(57): view('part/update', [...])
 6 SYSTEMPATH\CodeIgniter.php(933): App\Controllers\PartController->edit('P001')
 7 SYSTEMPATH\CodeIgniter.php(507): CodeIgniter\CodeIgniter->runController(Object(App\Controllers\PartController))
 8 SYSTEMPATH\CodeIgniter.php(354): CodeIgniter\CodeIgniter->handleRequest(null, Object(Config\Cache), false)
 9 SYSTEMPATH\Boot.php(334): CodeIgniter\CodeIgniter->run()
10 SYSTEMPATH\Boot.php(67): CodeIgniter\Boot::runCodeIgniter(Object(CodeIgniter\CodeIgniter))
11 FCPATH\index.php(59): CodeIgniter\Boot::bootWeb(Object(Config\Paths))
12 SYSTEMPATH\rewrite.php(44): require_once('D:\\Magang\\SSPS\\project\\public\\index.php')
DEBUG - 2025-06-15 16:11:22 --> Session: Class initialized using 'CodeIgniter\Session\Handlers\FileHandler' driver.
DEBUG - 2025-06-15 16:11:49 --> Session: Class initialized using 'CodeIgniter\Session\Handlers\FileHandler' driver.
